Detecting C [-std=c11] compiler features failed to compile with the following output:
Change Dir: /cygdrive/c/Users/Kyle Flynn/Documents/GitHub/Computer-Science/CIS 467/Lab #3/Server/cmake-build-debug/CMakeFiles/CMakeTmp

Run Build Command:"/usr/bin/make.exe" "cmTC_faff0/fast"
/usr/bin/make -f CMakeFiles/cmTC_faff0.dir/build.make CMakeFiles/cmTC_faff0.dir/build
make[1]: Entering directory '/cygdrive/c/Users/Kyle Flynn/Documents/GitHub/Computer-Science/CIS 467/Lab #3/Server/cmake-build-debug/CMakeFiles/CMakeTmp'
make[1]: *** No rule to make target '/cygdrive/c/Users/Kyle Flynn/Documents/GitHub/Computer-Science/CIS 467/Lab\', needed by 'CMakeFiles/cmTC_faff0.dir/feature_tests.c.o'.  Stop.
make[1]: Leaving directory '/cygdrive/c/Users/Kyle Flynn/Documents/GitHub/Computer-Science/CIS 467/Lab #3/Server/cmake-build-debug/CMakeFiles/CMakeTmp'
make: *** [Makefile:126: cmTC_faff0/fast] Error 2



Detecting CXX [-std=c++14] compiler features failed to compile with the following output:
Change Dir: /cygdrive/c/Users/Kyle Flynn/Documents/GitHub/Computer-Science/CIS 467/Lab #3/Server/cmake-build-debug/CMakeFiles/CMakeTmp

Run Build Command:"/usr/bin/make.exe" "cmTC_ce276/fast"
/usr/bin/make -f CMakeFiles/cmTC_ce276.dir/build.make CMakeFiles/cmTC_ce276.dir/build
make[1]: Entering directory '/cygdrive/c/Users/Kyle Flynn/Documents/GitHub/Computer-Science/CIS 467/Lab #3/Server/cmake-build-debug/CMakeFiles/CMakeTmp'
make[1]: *** No rule to make target '/cygdrive/c/Users/Kyle Flynn/Documents/GitHub/Computer-Science/CIS 467/Lab\', needed by 'CMakeFiles/cmTC_ce276.dir/feature_tests.cxx.o'.  Stop.
make[1]: Leaving directory '/cygdrive/c/Users/Kyle Flynn/Documents/GitHub/Computer-Science/CIS 467/Lab #3/Server/cmake-build-debug/CMakeFiles/CMakeTmp'
make: *** [Makefile:126: cmTC_ce276/fast] Error 2



