Detecting C [-std=c11] compiler features failed to compile with the following output:
Change Dir: /cygdrive/z/Coding/Repositories/Computer-Science/CIS 457/Lab #5/Client/cmake-build-debug/CMakeFiles/CMakeTmp

Run Build Command:"/usr/bin/make.exe" "cmTC_6ecee/fast"
/usr/bin/make -f CMakeFiles/cmTC_6ecee.dir/build.make CMakeFiles/cmTC_6ecee.dir/build
make[1]: Entering directory '/cygdrive/z/Coding/Repositories/Computer-Science/CIS 457/Lab #5/Client/cmake-build-debug/CMakeFiles/CMakeTmp'
make[1]: *** No rule to make target '/cygdrive/z/Coding/Repositories/Computer-Science/CIS 457/Lab\', needed by 'CMakeFiles/cmTC_6ecee.dir/feature_tests.c.o'.  Stop.
make[1]: Leaving directory '/cygdrive/z/Coding/Repositories/Computer-Science/CIS 457/Lab #5/Client/cmake-build-debug/CMakeFiles/CMakeTmp'
make: *** [Makefile:126: cmTC_6ecee/fast] Error 2



Detecting CXX [-std=c++14] compiler features failed to compile with the following output:
Change Dir: /cygdrive/z/Coding/Repositories/Computer-Science/CIS 457/Lab #5/Client/cmake-build-debug/CMakeFiles/CMakeTmp

Run Build Command:"/usr/bin/make.exe" "cmTC_809b4/fast"
/usr/bin/make -f CMakeFiles/cmTC_809b4.dir/build.make CMakeFiles/cmTC_809b4.dir/build
make[1]: Entering directory '/cygdrive/z/Coding/Repositories/Computer-Science/CIS 457/Lab #5/Client/cmake-build-debug/CMakeFiles/CMakeTmp'
make[1]: *** No rule to make target '/cygdrive/z/Coding/Repositories/Computer-Science/CIS 457/Lab\', needed by 'CMakeFiles/cmTC_809b4.dir/feature_tests.cxx.o'.  Stop.
make[1]: Leaving directory '/cygdrive/z/Coding/Repositories/Computer-Science/CIS 457/Lab #5/Client/cmake-build-debug/CMakeFiles/CMakeTmp'
make: *** [Makefile:126: cmTC_809b4/fast] Error 2



