Detecting C [-std=c11] compiler features failed to compile with the following output:
Change Dir: C:/Users/Kyle Flynn/Documents/GitHub/Computer-Science/CIS 241/HW #3/cmake-build-debug/CMakeFiles/CMakeTmp

Run Build Command:"C:/MinGW/mingw32/bin/mingw32-make.exe" "cmTC_a4f62/fast"
C:/MinGW/mingw32/bin/mingw32-make.exe -f CMakeFiles\cmTC_a4f62.dir\build.make CMakeFiles/cmTC_a4f62.dir/build
mingw32-make.exe[1]: Entering directory 'C:/Users/Kyle Flynn/Documents/GitHub/Computer-Science/CIS 241/HW #3/cmake-build-debug/CMakeFiles/CMakeTmp'
mingw32-make.exe[1]: *** No rule to make target 'C:/Users/Kyle Flynn/Documents/GitHub/Computer-Science/CIS 241/HW\', needed by 'CMakeFiles/cmTC_a4f62.dir/feature_tests.c.obj'.  Stop.
mingw32-make.exe[1]: Leaving directory 'C:/Users/Kyle Flynn/Documents/GitHub/Computer-Science/CIS 241/HW #3/cmake-build-debug/CMakeFiles/CMakeTmp'
mingw32-make.exe: *** [Makefile:125: cmTC_a4f62/fast] Error 2



Detecting CXX [-std=c++1z] compiler features failed to compile with the following output:
Change Dir: C:/Users/Kyle Flynn/Documents/GitHub/Computer-Science/CIS 241/HW #3/cmake-build-debug/CMakeFiles/CMakeTmp

Run Build Command:"C:/MinGW/mingw32/bin/mingw32-make.exe" "cmTC_373f2/fast"
C:/MinGW/mingw32/bin/mingw32-make.exe -f CMakeFiles\cmTC_373f2.dir\build.make CMakeFiles/cmTC_373f2.dir/build
mingw32-make.exe[1]: Entering directory 'C:/Users/Kyle Flynn/Documents/GitHub/Computer-Science/CIS 241/HW #3/cmake-build-debug/CMakeFiles/CMakeTmp'
mingw32-make.exe[1]: *** No rule to make target 'C:/Users/Kyle Flynn/Documents/GitHub/Computer-Science/CIS 241/HW\', needed by 'CMakeFiles/cmTC_373f2.dir/feature_tests.cxx.obj'.  Stop.
mingw32-make.exe[1]: Leaving directory 'C:/Users/Kyle Flynn/Documents/GitHub/Computer-Science/CIS 241/HW #3/cmake-build-debug/CMakeFiles/CMakeTmp'
mingw32-make.exe: *** [Makefile:125: cmTC_373f2/fast] Error 2



