Detecting C [-std=c11] compiler features failed to compile with the following output:
Change Dir: /cygdrive/z/Coding/Repositories/Computer-Science/CIS 467/Lab #3/Client/cmake-build-debug/CMakeFiles/CMakeTmp

Run Build Command:"/usr/bin/make.exe" "cmTC_53223/fast"
/usr/bin/make -f CMakeFiles/cmTC_53223.dir/build.make CMakeFiles/cmTC_53223.dir/build
make[1]: Entering directory '/cygdrive/z/Coding/Repositories/Computer-Science/CIS 467/Lab #3/Client/cmake-build-debug/CMakeFiles/CMakeTmp'
make[1]: *** No rule to make target '/cygdrive/z/Coding/Repositories/Computer-Science/CIS 467/Lab\', needed by 'CMakeFiles/cmTC_53223.dir/feature_tests.c.o'.  Stop.
make[1]: Leaving directory '/cygdrive/z/Coding/Repositories/Computer-Science/CIS 467/Lab #3/Client/cmake-build-debug/CMakeFiles/CMakeTmp'
make: *** [Makefile:126: cmTC_53223/fast] Error 2



Detecting CXX [-std=c++14] compiler features failed to compile with the following output:
Change Dir: /cygdrive/z/Coding/Repositories/Computer-Science/CIS 467/Lab #3/Client/cmake-build-debug/CMakeFiles/CMakeTmp

Run Build Command:"/usr/bin/make.exe" "cmTC_8ee68/fast"
/usr/bin/make -f CMakeFiles/cmTC_8ee68.dir/build.make CMakeFiles/cmTC_8ee68.dir/build
make[1]: Entering directory '/cygdrive/z/Coding/Repositories/Computer-Science/CIS 467/Lab #3/Client/cmake-build-debug/CMakeFiles/CMakeTmp'
make[1]: *** No rule to make target '/cygdrive/z/Coding/Repositories/Computer-Science/CIS 467/Lab\', needed by 'CMakeFiles/cmTC_8ee68.dir/feature_tests.cxx.o'.  Stop.
make[1]: Leaving directory '/cygdrive/z/Coding/Repositories/Computer-Science/CIS 467/Lab #3/Client/cmake-build-debug/CMakeFiles/CMakeTmp'
make: *** [Makefile:126: cmTC_8ee68/fast] Error 2



