Detecting C [-std=c11] compiler features failed to compile with the following output:
Change Dir: /cygdrive/z/Coding/Repositories/Computer-Science/CIS 457/Lab #6/Server/cmake-build-debug/CMakeFiles/CMakeTmp

Run Build Command:"/usr/bin/make.exe" "cmTC_08d12/fast"
/usr/bin/make -f CMakeFiles/cmTC_08d12.dir/build.make CMakeFiles/cmTC_08d12.dir/build
make[1]: Entering directory '/cygdrive/z/Coding/Repositories/Computer-Science/CIS 457/Lab #6/Server/cmake-build-debug/CMakeFiles/CMakeTmp'
make[1]: *** No rule to make target '/cygdrive/z/Coding/Repositories/Computer-Science/CIS 457/Lab\', needed by 'CMakeFiles/cmTC_08d12.dir/feature_tests.c.o'.  Stop.
make[1]: Leaving directory '/cygdrive/z/Coding/Repositories/Computer-Science/CIS 457/Lab #6/Server/cmake-build-debug/CMakeFiles/CMakeTmp'
make: *** [Makefile:126: cmTC_08d12/fast] Error 2



Detecting CXX [-std=c++14] compiler features failed to compile with the following output:
Change Dir: /cygdrive/z/Coding/Repositories/Computer-Science/CIS 457/Lab #6/Server/cmake-build-debug/CMakeFiles/CMakeTmp

Run Build Command:"/usr/bin/make.exe" "cmTC_30d1f/fast"
/usr/bin/make -f CMakeFiles/cmTC_30d1f.dir/build.make CMakeFiles/cmTC_30d1f.dir/build
make[1]: Entering directory '/cygdrive/z/Coding/Repositories/Computer-Science/CIS 457/Lab #6/Server/cmake-build-debug/CMakeFiles/CMakeTmp'
make[1]: *** No rule to make target '/cygdrive/z/Coding/Repositories/Computer-Science/CIS 457/Lab\', needed by 'CMakeFiles/cmTC_30d1f.dir/feature_tests.cxx.o'.  Stop.
make[1]: Leaving directory '/cygdrive/z/Coding/Repositories/Computer-Science/CIS 457/Lab #6/Server/cmake-build-debug/CMakeFiles/CMakeTmp'
make: *** [Makefile:126: cmTC_30d1f/fast] Error 2



