Detecting C [-std=c11] compiler features failed to compile with the following output:
Change Dir: /cygdrive/c/Users/Kyle Flynn/Documents/GitHub/Computer-Science/CIS 457/Lab #5/Server/cmake-build-debug/CMakeFiles/CMakeTmp

Run Build Command:"/usr/bin/make.exe" "cmTC_4175f/fast"
/usr/bin/make -f CMakeFiles/cmTC_4175f.dir/build.make CMakeFiles/cmTC_4175f.dir/build
make[1]: Entering directory '/cygdrive/c/Users/Kyle Flynn/Documents/GitHub/Computer-Science/CIS 457/Lab #5/Server/cmake-build-debug/CMakeFiles/CMakeTmp'
make[1]: *** No rule to make target '/cygdrive/c/Users/Kyle Flynn/Documents/GitHub/Computer-Science/CIS 457/Lab\', needed by 'CMakeFiles/cmTC_4175f.dir/feature_tests.c.o'.  Stop.
make[1]: Leaving directory '/cygdrive/c/Users/Kyle Flynn/Documents/GitHub/Computer-Science/CIS 457/Lab #5/Server/cmake-build-debug/CMakeFiles/CMakeTmp'
make: *** [Makefile:126: cmTC_4175f/fast] Error 2



Detecting CXX [-std=c++14] compiler features failed to compile with the following output:
Change Dir: /cygdrive/c/Users/Kyle Flynn/Documents/GitHub/Computer-Science/CIS 457/Lab #5/Server/cmake-build-debug/CMakeFiles/CMakeTmp

Run Build Command:"/usr/bin/make.exe" "cmTC_3e291/fast"
/usr/bin/make -f CMakeFiles/cmTC_3e291.dir/build.make CMakeFiles/cmTC_3e291.dir/build
make[1]: Entering directory '/cygdrive/c/Users/Kyle Flynn/Documents/GitHub/Computer-Science/CIS 457/Lab #5/Server/cmake-build-debug/CMakeFiles/CMakeTmp'
make[1]: *** No rule to make target '/cygdrive/c/Users/Kyle Flynn/Documents/GitHub/Computer-Science/CIS 457/Lab\', needed by 'CMakeFiles/cmTC_3e291.dir/feature_tests.cxx.o'.  Stop.
make[1]: Leaving directory '/cygdrive/c/Users/Kyle Flynn/Documents/GitHub/Computer-Science/CIS 457/Lab #5/Server/cmake-build-debug/CMakeFiles/CMakeTmp'
make: *** [Makefile:126: cmTC_3e291/fast] Error 2



