Detecting C [-std=c11] compiler features failed to compile with the following output:
Change Dir: Z:/Coding/Repositories/Computer-Science/CIS 241/Project #2/cmake-build-debug/CMakeFiles/CMakeTmp

Run Build Command:"C:/MinGW/mingw32/bin/mingw32-make.exe" "cmTC_f659b/fast"
C:/MinGW/mingw32/bin/mingw32-make.exe -f CMakeFiles\cmTC_f659b.dir\build.make CMakeFiles/cmTC_f659b.dir/build
mingw32-make.exe[1]: Entering directory 'Z:/Coding/Repositories/Computer-Science/CIS 241/Project #2/cmake-build-debug/CMakeFiles/CMakeTmp'
mingw32-make.exe[1]: *** No rule to make target 'Z:/Coding/Repositories/Computer-Science/CIS 241/Project\', needed by 'CMakeFiles/cmTC_f659b.dir/feature_tests.c.obj'.  Stop.
mingw32-make.exe[1]: Leaving directory 'Z:/Coding/Repositories/Computer-Science/CIS 241/Project #2/cmake-build-debug/CMakeFiles/CMakeTmp'
mingw32-make.exe: *** [Makefile:125: cmTC_f659b/fast] Error 2



Detecting CXX [-std=c++1z] compiler features failed to compile with the following output:
Change Dir: Z:/Coding/Repositories/Computer-Science/CIS 241/Project #2/cmake-build-debug/CMakeFiles/CMakeTmp

Run Build Command:"C:/MinGW/mingw32/bin/mingw32-make.exe" "cmTC_a46a0/fast"
C:/MinGW/mingw32/bin/mingw32-make.exe -f CMakeFiles\cmTC_a46a0.dir\build.make CMakeFiles/cmTC_a46a0.dir/build
mingw32-make.exe[1]: Entering directory 'Z:/Coding/Repositories/Computer-Science/CIS 241/Project #2/cmake-build-debug/CMakeFiles/CMakeTmp'
mingw32-make.exe[1]: *** No rule to make target 'Z:/Coding/Repositories/Computer-Science/CIS 241/Project\', needed by 'CMakeFiles/cmTC_a46a0.dir/feature_tests.cxx.obj'.  Stop.
mingw32-make.exe[1]: Leaving directory 'Z:/Coding/Repositories/Computer-Science/CIS 241/Project #2/cmake-build-debug/CMakeFiles/CMakeTmp'
mingw32-make.exe: *** [Makefile:125: cmTC_a46a0/fast] Error 2



